<?xml version="1.0" encoding="UTF-8"?>
<testsuite xmlns:xsi="http://www.w3.org/2001/XMLSchema-instance" xsi:noNamespaceSchemaLocation="https://maven.apache.org/surefire/maven-surefire-plugin/xsd/surefire-test-report-3.0.xsd" version="3.0" name="runner.RunnerTest" time="63.164" tests="5" errors="0" skipped="0" failures="0">
  <properties>
[...]
</properties>
  <testcase name="Successful login new user" classname="Login New User" time="15.629">
    <system-err><![CDATA[Starting ChromeDriver 100.0.4896.60 (6a5d10861ce8de5fce22564658033b43cb7de047-refs/branch-heads/4896@{#875}) on port 36067
Only local connections are allowed.
Please see https://chromedriver.chromium.org/security-considerations for suggestions on keeping ChromeDriver safe.
ChromeDriver was started successfully.
апр. 17, 2022 9:05:43 PM org.openqa.selenium.remote.ProtocolHandshake createSession
INFO: Detected dialect: W3C
]]></system-err>
  </testcase>
  <testcase name="Unsuccessful attempt to register the delivery item" classname="Delivery Item" time="12.324"/>
  <testcase name="Successful using a filter to sort items" classname="Filter to sort items" time="15.407"/>
  <testcase name="Application of an invalid promo code in the cart" classname="Application of an invalid promo code" time="12.21"/>
  <testcase name="Successful subscribing for a new user" classname="Subscribe For New User" time="7.276"/>
</testsuite>